<?xml version="1.0" encoding="UTF-8"?>
<!-- Generated by org.testng.reporters.JUnitReportReporter -->
<testsuite hostname="igor" failures="0" tests="3" name="TestAlert" time="14.569" errors="0" timestamp="2023-03-22T22:00:55 WET" skipped="0">
  <testcase classname="TestAlert" name="deveInteragirComAlertSimples" time="2.916"/>
  <system-out/>
  <testcase classname="TestAlert" name="deveInteragirComAlertPrompt" time="5.633"/>
  <system-out/>
  <testcase classname="TestAlert" name="deveInteragirComAlertConfimr" time="6.020"/>
  <system-out/>
</testsuite> <!-- TestAlert -->
