<?xml version="1.0" encoding="UTF-8"?>
<!-- Generated by org.testng.reporters.JUnitReportReporter -->
<testsuite hostname="igor" failures="0" tests="5" name="eCommerceTest" time="26.645" errors="0" timestamp="2023-12-18T21:50:35 WET" skipped="0">
  <testcase classname="eCommerceTest" name="addItemIntoCart" time="4.868"/>
  <system-out/>
  <testcase classname="eCommerceTest" name="updateQuantitytemIntoCart" time="4.844"/>
  <system-out/>
  <testcase classname="eCommerceTest" name="removeItemFromCart" time="5.190"/>
  <system-out/>
  <testcase classname="eCommerceTest" name="jumpToItemDetails" time="6.031"/>
  <system-out/>
  <testcase classname="eCommerceTest" name="startCheckOutProcess" time="5.712"/>
  <system-out/>
</testsuite> <!-- eCommerceTest -->
