<?xml version="1.0" encoding="UTF-8"?>
<!-- Generated by org.testng.reporters.JUnitReportReporter -->
<testsuite hostname="igor" failures="0" tests="1" name="TesteGoogle" time="1.049" errors="0" timestamp="2023-03-20T22:27:32 WET" skipped="0">
  <testcase classname="TesteGoogle" name="teste" time="1.049"/>
  <system-out/>
</testsuite> <!-- TesteGoogle -->
