<?xml version="1.0" encoding="UTF-8"?>
<!-- Generated by org.testng.reporters.JUnitReportReporter -->
<testsuite hostname="igor" failures="0" tests="10" name="TesteCampoTreinamento" time="36.176" errors="0" timestamp="2023-03-20T22:27:32 WET" skipped="0">
  <testcase classname="TesteCampoTreinamento" name="testeTextField" time="3.636"/>
  <system-out/>
  <testcase classname="TesteCampoTreinamento" name="deveInteragirComCheckbox" time="3.645"/>
  <system-out/>
  <testcase classname="TesteCampoTreinamento" name="deveVerificarValoresCombo" time="3.458"/>
  <system-out/>
  <testcase classname="TesteCampoTreinamento" name="deveBuscarTextosNaPagina" time="3.398"/>
  <system-out/>
  <testcase classname="TesteCampoTreinamento" name="deveVerificarValoresComboMultiplo" time="4.413"/>
  <system-out/>
  <testcase classname="TesteCampoTreinamento" name="deveInteragirComCombo" time="3.916"/>
  <system-out/>
  <testcase classname="TesteCampoTreinamento" name="deveInteragirComTextArea" time="3.648"/>
  <system-out/>
  <testcase classname="TesteCampoTreinamento" name="deveInteragirComRadioButton" time="3.675"/>
  <system-out/>
  <testcase classname="TesteCampoTreinamento" name="deveInteragirComBotoes" time="3.585"/>
  <system-out/>
  <testcase classname="TesteCampoTreinamento" name="deveInteragirComLinks" time="2.802"/>
  <system-out/>
</testsuite> <!-- TesteCampoTreinamento -->
