<?xml version="1.0" encoding="UTF-8"?>
<!-- Generated by org.testng.reporters.JUnitReportReporter -->
<testsuite hostname="igor" failures="0" tests="3" name="TesteFramesEJanelas" time="11.190" errors="0" timestamp="2023-03-22T22:27:15 WET" skipped="0">
  <testcase classname="TesteFramesEJanelas" name="deveInteragirComJanelas" time="3.761"/>
  <system-out/>
  <testcase classname="TesteFramesEJanelas" name="deveInteragirComFrames" time="3.972"/>
  <system-out/>
  <testcase classname="TesteFramesEJanelas" name="deveInteragirComJanelasSemTitulo" time="3.457"/>
  <system-out/>
</testsuite> <!-- TesteFramesEJanelas -->
