<?xml version="1.0" encoding="UTF-8"?>
<!-- Generated by org.testng.reporters.JUnitReportReporter -->
<testsuite hostname="igor" failures="0" tests="6" name="TesteCadastro" time="31.514" errors="0" timestamp="2023-03-22T20:46:21 WET" skipped="0">
  <testcase classname="TesteCadastro" name="deveValidarComidaVegetariana" time="3.573"/>
  <system-out/>
  <testcase classname="TesteCadastro" name="deveValidarSexoObrigatorio" time="3.519"/>
  <system-out/>
  <testcase classname="TesteCadastro" name="deveValidarEsportistaIndeciso" time="4.671"/>
  <system-out/>
  <testcase classname="TesteCadastro" name="deveValidarNomeObrigatorio" time="3.016"/>
  <system-out/>
  <testcase classname="TesteCadastro" name="deveRealizarCadastroComSucesso" time="13.284"/>
  <system-out/>
  <testcase classname="TesteCadastro" name="deveValidarSobrenomeObrigatorio" time="3.451"/>
  <system-out/>
</testsuite> <!-- TesteCadastro -->
