<?xml version="1.0" encoding="UTF-8" ?>
<testsuite tests="23" failures="0" name="TestSuite" time="36.776" errors="0" skipped="0">
  <properties>
    <property name="java.runtime.name" value="OpenJDK Runtime Environment"/>
    <property name="java.vm.version" value="18.0.2-ea+9-Ubuntu-222.04"/>
    <property name="sun.boot.library.path" value="/usr/lib/jvm/java-18-openjdk-amd64/lib"/>
    <property name="maven.multiModuleProjectDirectory" value="/home/igor/estudos/estudos_selenium_java/mavenProject/mavenProject"/>
    <property name="java.vm.vendor" value="Private Build"/>
    <property name="java.vendor.url" value="Unknown"/>
    <property name="guice.disable.misplaced.annotation.check" value="true"/>
    <property name="path.separator" value=":"/>
    <property name="java.vm.name" value="OpenJDK 64-Bit Server VM"/>
    <property name="user.country" value="BR"/>
    <property name="sun.java.launcher" value="SUN_STANDARD"/>
    <property name="java.vm.specification.name" value="Java Virtual Machine Specification"/>
    <property name="user.dir" value="/home/igor/estudos/estudos_selenium_java/mavenProject/mavenProject"/>
    <property name="java.vm.compressedOopsMode" value="Zero based"/>
    <property name="java.runtime.version" value="18.0.2-ea+9-Ubuntu-222.04"/>
    <property name="os.arch" value="amd64"/>
    <property name="java.io.tmpdir" value="/tmp"/>
    <property name="line.separator" value="
"/>
    <property name="java.vm.specification.vendor" value="Oracle Corporation"/>
    <property name="os.name" value="Linux"/>
    <property name="classworlds.conf" value="/usr/share/maven/bin/m2.conf"/>
    <property name="sun.jnu.encoding" value="UTF-8"/>
    <property name="java.library.path" value="/usr/java/packages/lib:/usr/lib/x86_64-linux-gnu/jni:/lib/x86_64-linux-gnu:/usr/lib/x86_64-linux-gnu:/usr/lib/jni:/lib:/usr/lib"/>
    <property name="maven.conf" value="/usr/share/maven/conf"/>
    <property name="jdk.debug" value="release"/>
    <property name="java.class.version" value="62.0"/>
    <property name="java.specification.name" value="Java Platform API Specification"/>
    <property name="sun.management.compiler" value="HotSpot 64-Bit Tiered Compilers"/>
    <property name="os.version" value="5.19.0-35-generic"/>
    <property name="library.jansi.path" value="/usr/share/maven/lib/jansi-native"/>
    <property name="user.home" value="/home/igor"/>
    <property name="user.timezone" value="Europe/Lisbon"/>
    <property name="file.encoding" value="UTF-8"/>
    <property name="java.specification.version" value="18"/>
    <property name="user.name" value="igor"/>
    <property name="java.class.path" value="/usr/share/maven/boot/plexus-classworlds-2.x.jar"/>
    <property name="java.vm.specification.version" value="18"/>
    <property name="sun.arch.data.model" value="64"/>
    <property name="sun.java.command" value="org.codehaus.plexus.classworlds.launcher.Launcher test"/>
    <property name="java.home" value="/usr/lib/jvm/java-18-openjdk-amd64"/>
    <property name="user.language" value="pt"/>
    <property name="java.specification.vendor" value="Oracle Corporation"/>
    <property name="java.vm.info" value="mixed mode, sharing"/>
    <property name="java.version" value="18.0.2-ea"/>
    <property name="native.encoding" value="UTF-8"/>
    <property name="java.vendor" value="Private Build"/>
    <property name="sun.stderr.encoding" value="UTF-8"/>
    <property name="maven.home" value="/usr/share/maven"/>
    <property name="file.separator" value="/"/>
    <property name="java.version.date" value="2022-07-19"/>
    <property name="java.vendor.url.bug" value="Unknown"/>
    <property name="sun.io.unicode.encoding" value="UnicodeLittle"/>
    <property name="sun.cpu.endian" value="little"/>
    <property name="sun.stdout.encoding" value="UTF-8"/>
  </properties>
  <testcase classname="TestAlert" name="deveInteragirComAlertConfimr" time="6.224"/>
  <testcase classname="TestAlert" name="deveInteragirComAlertPrompt" time="4.129"/>
  <testcase classname="TestAlert" name="deveInteragirComAlertSimples" time="0.111"/>
  <testcase classname="TesteCampoTreinamento" name="deveBuscarTextosNaPagina" time="0.031"/>
  <testcase classname="TesteCampoTreinamento" name="deveInteragirComBotoes" time="0.249"/>
  <testcase classname="TesteCampoTreinamento" name="deveInteragirComCheckbox" time="0.232"/>
  <testcase classname="TesteCampoTreinamento" name="deveInteragirComCombo" time="0.27"/>
  <testcase classname="TesteCampoTreinamento" name="deveInteragirComLinks" time="0.047"/>
  <testcase classname="TesteCampoTreinamento" name="deveInteragirComRadioButton" time="0.227"/>
  <testcase classname="TesteCampoTreinamento" name="deveInteragirComTextArea" time="0.07"/>
  <testcase classname="TesteCampoTreinamento" name="deveVerificarValoresCombo" time="0.054"/>
  <testcase classname="TesteCampoTreinamento" name="deveVerificarValoresComboMultiplo" time="0.978"/>
  <testcase classname="TesteCampoTreinamento" name="testeTextField" time="0.035"/>
  <testcase classname="TesteCadastro" name="deveRealizarCadastroComSucesso" time="7.723"/>
  <testcase classname="TesteCadastro" name="deveValidarComidaVegetariana" time="4.266"/>
  <testcase classname="TesteCadastro" name="deveValidarEsportistaIndeciso" time="5.024"/>
  <testcase classname="TesteCadastro" name="deveValidarNomeObrigatorio" time="1.076"/>
  <testcase classname="TesteCadastro" name="deveValidarSexoObrigatorio" time="2.108"/>
  <testcase classname="TesteCadastro" name="deveValidarSobrenomeObrigatorio" time="1.617"/>
  <testcase classname="TesteFramesEJanelas" name="deveInteragirComFrames" time="0.149"/>
  <testcase classname="TesteFramesEJanelas" name="deveInteragirComJanelas" time="0.569"/>
  <testcase classname="TesteFramesEJanelas" name="deveInteragirComJanelasSemTitulo" time="0.539"/>
  <testcase classname="TesteGoogle" name="teste" time="1.048"/>
</testsuite>